<?xml version="1.0" encoding="UTF-8"?>
<testsuite xmlns:xsi="http://www.w3.org/2001/XMLSchema-instance" xsi:noNamespaceSchemaLocation="https://maven.apache.org/surefire/maven-surefire-plugin/xsd/surefire-test-report-3.0.xsd" version="3.0" name="com.CComercial.app.CComercialApplicationTests" time="10.781" tests="1" errors="0" skipped="0" failures="0">
  <properties>
[...]
</properties>
  <testcase name="contextLoads" classname="com.CComercial.app.CComercialApplicationTests" time="2.138">
    <system-out><![CDATA[15:27:15.585 [main] INFO org.springframework.test.context.support.AnnotationConfigContextLoaderUtils -- Could not detect default configuration classes for test class [com.CComercial.app.CComercialApplicationTests]: CComercialApplicationTests does not declare any static, non-private, non-final, nested classes annotated with @Configuration.
15:27:15.801 [main] INFO org.springframework.boot.test.context.SpringBootTestContextBootstrapper -- Found @SpringBootConfiguration com.CComercial.app.CComercialApplication for test class com.CComercial.app.CComercialApplicationTests
15:27:16.274 [main] INFO org.springframework.boot.devtools.restart.RestartApplicationListener -- Restart disabled due to context in which it is running

  .   ____          _            __ _ _
 /\\ / ___'_ __ _ _(_)_ __  __ _ \ \ \ \
( ( )\___ | '_ | '_| | '_ \/ _` | \ \ \ \
 \\/  ___)| |_)| | | | | || (_| |  ) ) ) )
  '  |____| .__|_| |_|_| |_\__, | / / / /
 =========|_|==============|___/=/_/_/_/

 :: Spring Boot ::                (v3.3.5)

2024-11-25T15:27:17.006-05:00  INFO 16692 --- [CComercial] [           main] c.C.app.CComercialApplicationTests       : Starting CComercialApplicationTests using Java 17.0.10 with PID 16692 (started by 123 in C:\Trabajo-Java SpringF\CComercial)
2024-11-25T15:27:17.013-05:00  INFO 16692 --- [CComercial] [           main] c.C.app.CComercialApplicationTests       : No active profile set, falling back to 1 default profile: "default"
2024-11-25T15:27:18.913-05:00  INFO 16692 --- [CComercial] [           main] .s.d.r.c.RepositoryConfigurationDelegate : Bootstrapping Spring Data MongoDB repositories in DEFAULT mode.
2024-11-25T15:27:19.162-05:00  INFO 16692 --- [CComercial] [           main] .s.d.r.c.RepositoryConfigurationDelegate : Finished Spring Data repository scanning in 227 ms. Found 9 MongoDB repository interfaces.
2024-11-25T15:27:20.568-05:00  INFO 16692 --- [CComercial] [           main] org.mongodb.driver.client                : MongoClient with metadata {"driver": {"name": "mongo-java-driver|sync|spring-boot", "version": "5.0.1"}, "os": {"type": "Windows", "name": "Windows 11", "architecture": "amd64", "version": "10.0"}, "platform": "Java/Eclipse Adoptium/17.0.10+7"} created with settings MongoClientSettings{readPreference=primary, writeConcern=WriteConcern{w=null, wTimeout=null ms, journal=null}, retryWrites=true, retryReads=true, readConcern=ReadConcern{level=null}, credential=MongoCredential{mechanism=null, userName='katerin', source='admin', password=<hidden>, mechanismProperties=<hidden>}, transportSettings=null, commandListeners=[], codecRegistry=ProvidersCodecRegistry{codecProviders=[ValueCodecProvider{}, BsonValueCodecProvider{}, DBRefCodecProvider{}, DBObjectCodecProvider{}, DocumentCodecProvider{}, CollectionCodecProvider{}, IterableCodecProvider{}, MapCodecProvider{}, GeoJsonCodecProvider{}, GridFSFileCodecProvider{}, Jsr310CodecProvider{}, JsonObjectCodecProvider{}, BsonCodecProvider{}, EnumCodecProvider{}, com.mongodb.client.model.mql.ExpressionCodecProvider@bb25753, com.mongodb.Jep395RecordCodecProvider@ee21292, com.mongodb.KotlinCodecProvider@40c06358]}, loggerSettings=LoggerSettings{maxDocumentLength=1000}, clusterSettings={hosts=[127.0.0.1:27017], srvHost=katenube.dpu5b.mongodb.net, srvServiceName=mongodb, mode=MULTIPLE, requiredClusterType=REPLICA_SET, requiredReplicaSetName='atlas-ld7wox-shard-0', serverSelector='null', clusterListeners='[]', serverSelectionTimeout='30000 ms', localThreshold='15 ms'}, socketSettings=SocketSettings{connectTimeoutMS=10000, readTimeoutMS=0, receiveBufferSize=0, proxySettings=ProxySettings{host=null, port=null, username=null, password=null}}, heartbeatSocketSettings=SocketSettings{connectTimeoutMS=10000, readTimeoutMS=10000, receiveBufferSize=0, proxySettings=ProxySettings{host=null, port=null, username=null, password=null}}, connectionPoolSettings=ConnectionPoolSettings{maxSize=100, minSize=0, maxWaitTimeMS=120000, maxConnectionLifeTimeMS=0, maxConnectionIdleTimeMS=0, maintenanceInitialDelayMS=0, maintenanceFrequencyMS=60000, connectionPoolListeners=[], maxConnecting=2}, serverSettings=ServerSettings{heartbeatFrequencyMS=10000, minHeartbeatFrequencyMS=500, serverListeners='[]', serverMonitorListeners='[]'}, sslSettings=SslSettings{enabled=true, invalidHostNameAllowed=false, context=null}, applicationName='null', compressorList=[], uuidRepresentation=JAVA_LEGACY, serverApi=null, autoEncryptionSettings=null, dnsClient=null, inetAddressResolver=null, contextProvider=null}
2024-11-25T15:27:20.594-05:00  INFO 16692 --- [CComercial] [u5b.mongodb.net] org.mongodb.driver.cluster               : Adding discovered server katenube-shard-00-01.dpu5b.mongodb.net:27017 to client view of cluster
2024-11-25T15:27:20.652-05:00  INFO 16692 --- [CComercial] [u5b.mongodb.net] org.mongodb.driver.cluster               : Adding discovered server katenube-shard-00-00.dpu5b.mongodb.net:27017 to client view of cluster
2024-11-25T15:27:20.661-05:00  INFO 16692 --- [CComercial] [u5b.mongodb.net] org.mongodb.driver.cluster               : Adding discovered server katenube-shard-00-02.dpu5b.mongodb.net:27017 to client view of cluster
2024-11-25T15:27:22.116-05:00  INFO 16692 --- [CComercial] [ngodb.net:27017] org.mongodb.driver.cluster               : Monitor thread successfully connected to server with description ServerDescription{address=katenube-shard-00-01.dpu5b.mongodb.net:27017, type=REPLICA_SET_PRIMARY, state=CONNECTED, ok=true, minWireVersion=0, maxWireVersion=25, maxDocumentSize=16777216, logicalSessionTimeoutMinutes=30, roundTripTimeNanos=837040000, setName='atlas-ld7wox-shard-0', canonicalAddress=katenube-shard-00-01.dpu5b.mongodb.net:27017, hosts=[katenube-shard-00-02.dpu5b.mongodb.net:27017, katenube-shard-00-00.dpu5b.mongodb.net:27017, katenube-shard-00-01.dpu5b.mongodb.net:27017], passives=[], arbiters=[], primary='katenube-shard-00-01.dpu5b.mongodb.net:27017', tagSet=TagSet{[Tag{name='availabilityZone', value='southamerica-east1-b'}, Tag{name='diskState', value='READY'}, Tag{name='nodeType', value='ELECTABLE'}, Tag{name='provider', value='GCP'}, Tag{name='region', value='SOUTH_AMERICA_EAST_1'}, Tag{name='workloadType', value='OPERATIONAL'}]}, electionId=7fffffff00000000000000a3, setVersion=14, topologyVersion=TopologyVersion{processId=673b61c7f2f71c49226b7a28, counter=7}, lastWriteDate=Mon Nov 25 15:27:22 COT 2024, lastUpdateTimeNanos=1742454693972300}
2024-11-25T15:27:22.116-05:00  INFO 16692 --- [CComercial] [ngodb.net:27017] org.mongodb.driver.cluster               : Monitor thread successfully connected to server with description ServerDescription{address=katenube-shard-00-00.dpu5b.mongodb.net:27017, type=REPLICA_SET_SECONDARY, state=CONNECTED, ok=true, minWireVersion=0, maxWireVersion=25, maxDocumentSize=16777216, logicalSessionTimeoutMinutes=30, roundTripTimeNanos=837281500, setName='atlas-ld7wox-shard-0', canonicalAddress=katenube-shard-00-00.dpu5b.mongodb.net:27017, hosts=[katenube-shard-00-02.dpu5b.mongodb.net:27017, katenube-shard-00-00.dpu5b.mongodb.net:27017, katenube-shard-00-01.dpu5b.mongodb.net:27017], passives=[], arbiters=[], primary='katenube-shard-00-01.dpu5b.mongodb.net:27017', tagSet=TagSet{[Tag{name='availabilityZone', value='southamerica-east1-a'}, Tag{name='diskState', value='READY'}, Tag{name='nodeType', value='ELECTABLE'}, Tag{name='provider', value='GCP'}, Tag{name='region', value='SOUTH_AMERICA_EAST_1'}, Tag{name='workloadType', value='OPERATIONAL'}]}, electionId=null, setVersion=14, topologyVersion=TopologyVersion{processId=673b6194fd8f0d27da0402f0, counter=5}, lastWriteDate=Mon Nov 25 15:27:22 COT 2024, lastUpdateTimeNanos=1742454694212100}
2024-11-25T15:27:22.116-05:00  INFO 16692 --- [CComercial] [ngodb.net:27017] org.mongodb.driver.cluster               : Monitor thread successfully connected to server with description ServerDescription{address=katenube-shard-00-02.dpu5b.mongodb.net:27017, type=REPLICA_SET_SECONDARY, state=CONNECTED, ok=true, minWireVersion=0, maxWireVersion=25, maxDocumentSize=16777216, logicalSessionTimeoutMinutes=30, roundTripTimeNanos=837034000, setName='atlas-ld7wox-shard-0', canonicalAddress=katenube-shard-00-02.dpu5b.mongodb.net:27017, hosts=[katenube-shard-00-02.dpu5b.mongodb.net:27017, katenube-shard-00-00.dpu5b.mongodb.net:27017, katenube-shard-00-01.dpu5b.mongodb.net:27017], passives=[], arbiters=[], primary='katenube-shard-00-01.dpu5b.mongodb.net:27017', tagSet=TagSet{[Tag{name='availabilityZone', value='southamerica-east1-c'}, Tag{name='diskState', value='READY'}, Tag{name='nodeType', value='ELECTABLE'}, Tag{name='provider', value='GCP'}, Tag{name='region', value='SOUTH_AMERICA_EAST_1'}, Tag{name='workloadType', value='OPERATIONAL'}]}, electionId=null, setVersion=14, topologyVersion=TopologyVersion{processId=673b61fb922ef63b904c141a, counter=4}, lastWriteDate=Mon Nov 25 15:27:22 COT 2024, lastUpdateTimeNanos=1742454693981500}
2024-11-25T15:27:22.127-05:00  INFO 16692 --- [CComercial] [ngodb.net:27017] org.mongodb.driver.cluster               : Discovered replica set primary katenube-shard-00-01.dpu5b.mongodb.net:27017 with max election id 7fffffff00000000000000a3 and max set version 14
2024-11-25T15:27:23.827-05:00  INFO 16692 --- [CComercial] [           main] c.C.app.CComercialApplicationTests       : Started CComercialApplicationTests in 7.592 seconds (process running for 10.171)
]]></system-out>
  </testcase>
</testsuite>